#! /usr/bin/vvp
:ivl_version "13.0 (stable)" "(v13_0-dirty)";
:ivl_delay_selection "TYPICAL";
:vpi_time_precision - 12;
:vpi_module "/usr/lib/ivl/system.vpi";
:vpi_module "/usr/lib/ivl/vhdl_sys.vpi";
:vpi_module "/usr/lib/ivl/vhdl_textio.vpi";
:vpi_module "/usr/lib/ivl/v2005_math.vpi";
:vpi_module "/usr/lib/ivl/va_math.vpi";
:vpi_module "/usr/lib/ivl/v2009.vpi";
S_0x556bd8e51110 .scope package, "$unit" "$unit" 2 1;
 .timescale 0 0;
S_0x556bd8ecce60 .scope module, "tb_ad71143_data_rx" "tb_ad71143_data_rx" 3 3;
 .timescale -9 -12;
v0x556bd8f02910_0 .var "aclk_done", 0 0;
v0x556bd8f029d0_0 .net "burst_en_comb", 0 0, L_0x556bd8e5ccb0;  1 drivers
v0x556bd8f02a70_0 .net "burst_en_out", 0 0, L_0x556bd8ec1330;  1 drivers
v0x556bd8f02b10_0 .var "clk_sys", 0 0;
v0x556bd8f02bb0_0 .net "dclk_n_A", 0 0, L_0x556bd8edcfc0;  1 drivers
v0x556bd8f02ca0_0 .net "dclk_p_A", 0 0, L_0x556bd8edcc40;  1 drivers
v0x556bd8f02d40_0 .var "dclko_n_A", 0 0;
v0x556bd8f02de0_0 .var "dclko_p_A", 0 0;
v0x556bd8f02e80_0 .var "dout_n_A", 0 0;
v0x556bd8f02f20_0 .var "dout_n_B", 0 0;
v0x556bd8f02fc0_0 .var "dout_p_A", 0 0;
v0x556bd8f03060_0 .var "dout_p_B", 0 0;
v0x556bd8f03130_0 .net "header_byte", 7 0, v0x556bd8f00350_0;  1 drivers
v0x556bd8f03200_0 .net "header_cds_id", 0 0, v0x556bd8f00430_0;  1 drivers
v0x556bd8f032d0_0 .net "header_ok", 0 0, v0x556bd8f004f0_0;  1 drivers
v0x556bd8f033a0_0 .net "header_readdown", 0 0, v0x556bd8f005b0_0;  1 drivers
v0x556bd8f03470_0 .net "header_temp", 15 0, v0x556bd8f00670_0;  1 drivers
v0x556bd8f03540_0 .net "header_vt", 15 0, v0x556bd8f00750_0;  1 drivers
v0x556bd8f03610_0 .net "line_done", 0 0, v0x556bd8f009f0_0;  1 drivers
v0x556bd8f036e0_0 .var "line_done_seen", 0 0;
v0x556bd8f03780_0 .net "merged_burst", 127 0, v0x556bd8f00ab0_0;  1 drivers
v0x556bd8f03850_0 .net "merged_burst_index", 6 0, v0x556bd8f00b90_0;  1 drivers
v0x556bd8f03920_0 .net "merged_first_channel", 7 0, v0x556bd8f00d50_0;  1 drivers
v0x556bd8f039f0_0 .net "merged_last_channel", 7 0, v0x556bd8f00f10_0;  1 drivers
v0x556bd8f03ac0_0 .var "merged_seen", 0 0;
v0x556bd8f03b60_0 .net "merged_valid", 0 0, v0x556bd8f010d0_0;  1 drivers
v0x556bd8f03c30_0 .net "roic_trigger", 0 0, L_0x556bd8e5cb80;  1 drivers
v0x556bd8f03d00_0 .var "rst_n", 0 0;
v0x556bd8f03dd0_0 .net "shift_hi", 7 0, L_0x556bd8f05050;  1 drivers
v0x556bd8f03ea0_0 .net "shift_lo", 7 0, L_0x556bd8f05140;  1 drivers
v0x556bd8f03f70_0 .net "state_debug", 2 0, v0x556bd8f01690_0;  1 drivers
v0x556bd8f04040_0 .var "sync_in", 0 0;
E_0x556bd8e626c0 .event posedge, v0x556bd8eff990_0;
E_0x556bd8e670a0 .event posedge, v0x556bd8f009f0_0;
E_0x556bd8e64cd0 .event posedge, v0x556bd8f010d0_0;
S_0x556bd8ecd220 .scope autotask, "check_readdown0" "check_readdown0" 3 151, 3 151 0, S_0x556bd8ecce60;
 .timescale -9 -12;
v0x556bd8ec0bf0_0 .var "data_a", 63 0;
v0x556bd8ec0fe0_0 .var "data_b", 63 0;
v0x556bd8ec1440_0 .var "expect_merge", 127 0;
v0x556bd8ec0840_0 .var "header_a", 63 0;
v0x556bd8eb6320_0 .var "header_b", 63 0;
TD_tb_ad71143_data_rx.check_readdown0 ;
    %pushi/vec4 2685403137, 0, 36;
    %concati/vec4 56042600, 0, 28;
    %store/vec4 v0x556bd8ec0840_0, 0, 64;
    %pushi/vec4 0, 0, 64;
    %store/vec4 v0x556bd8eb6320_0, 0, 64;
    %pushi/vec4 2147516432, 0, 35;
    %concati/vec4 268701702, 0, 29;
    %store/vec4 v0x556bd8ec0bf0_0, 0, 64;
    %pushi/vec4 2148040728, 0, 35;
    %concati/vec4 268767239, 0, 29;
    %store/vec4 v0x556bd8ec0fe0_0, 0, 64;
    %pushi/vec4 2147516424, 0, 35;
    %concati/vec4 2148565016, 0, 32;
    %concati/vec4 2149613608, 0, 32;
    %concati/vec4 268832775, 0, 29;
    %store/vec4 v0x556bd8ec1440_0, 0, 128;
    %vpi_call/w 3 164 "$display", "=== READDOWN=0 ===" {0 0 0};
    %vpi_call/w 3 165 "$display", "header_a=%h bits: [63:56]=%h [55:51]=%b [50]=%b [49]=%b [48]=%b [47:32]=%h [31:16]=%h [15:0]=%h", v0x556bd8ec0840_0, &PV<v0x556bd8ec0840_0, 56, 8>, &PV<v0x556bd8ec0840_0, 51, 5>, &PV<v0x556bd8ec0840_0, 50, 1>, &PV<v0x556bd8ec0840_0, 49, 1>, &PV<v0x556bd8ec0840_0, 48, 1>, &PV<v0x556bd8ec0840_0, 32, 16>, &PV<v0x556bd8ec0840_0, 16, 16>, &PV<v0x556bd8ec0840_0, 0, 16> {0 0 0};
    %vpi_call/w 3 168 "$display", "EXPECT: byte=0a ok=1 readdown=0 cds_id=1 temp=1357 vt=2468 merge=%h first_ch=0 last_ch=7", v0x556bd8ec1440_0 {0 0 0};
    %alloc S_0x556bd8efd9d0;
    %fork TD_tb_ad71143_data_rx.drive_sync_and_aclk, S_0x556bd8efd9d0;
    %join;
    %free S_0x556bd8efd9d0;
    %pushi/vec4 0, 0, 1;
    %store/vec4 v0x556bd8f03ac0_0, 0, 1;
    %pushi/vec4 0, 0, 1;
    %store/vec4 v0x556bd8f036e0_0, 0, 1;
    %alloc S_0x556bd8f02450;
    %load/vec4 v0x556bd8ec0840_0;
    %store/vec4 v0x556bd8f02770_0, 0, 64;
    %load/vec4 v0x556bd8eb6320_0;
    %store/vec4 v0x556bd8f02850_0, 0, 64;
    %fork TD_tb_ad71143_data_rx.send_burst64, S_0x556bd8f02450;
    %join;
    %free S_0x556bd8f02450;
    %alloc S_0x556bd8f02450;
    %load/vec4 v0x556bd8ec0bf0_0;
    %store/vec4 v0x556bd8f02770_0, 0, 64;
    %load/vec4 v0x556bd8ec0fe0_0;
    %store/vec4 v0x556bd8f02850_0, 0, 64;
    %fork TD_tb_ad71143_data_rx.send_burst64, S_0x556bd8f02450;
    %join;
    %free S_0x556bd8f02450;
    %delay 50000, 0;
    %vpi_call/w 3 178 "$display", "READDOWN=0 RESULT: ok=%0b byte=%h readdown=%0b cds_id=%0b temp=%h vt=%h burst=%h first_ch=%0d last_ch=%0d idx=%0d", v0x556bd8f032d0_0, v0x556bd8f03130_0, v0x556bd8f033a0_0, v0x556bd8f03200_0, v0x556bd8f03470_0, v0x556bd8f03540_0, v0x556bd8f03780_0, v0x556bd8f03920_0, v0x556bd8f039f0_0, v0x556bd8f03850_0 {0 0 0};
    %load/vec4 v0x556bd8f03ac0_0;
    %nor/r;
    %flag_set/vec4 8;
    %jmp/0xz  T_0.0, 8;
    %vpi_call/w 3 182 "$fatal", 32'sb00000000000000000000000000000001, "READDOWN=0 merged_valid not seen" {0 0 0};
T_0.0 ;
    %load/vec4 v0x556bd8f03130_0;
    %cmpi/ne 10, 0, 8;
    %jmp/0xz  T_0.2, 6;
    %vpi_call/w 3 183 "$fatal", 32'sb00000000000000000000000000000001, "READDOWN=0 header byte mismatch" {0 0 0};
T_0.2 ;
    %load/vec4 v0x556bd8f033a0_0;
    %cmpi/ne 0, 0, 1;
    %jmp/0xz  T_0.4, 6;
    %vpi_call/w 3 184 "$fatal", 32'sb00000000000000000000000000000001, "READDOWN=0 header_readdown mismatch" {0 0 0};
T_0.4 ;
    %load/vec4 v0x556bd8f03200_0;
    %cmpi/ne 1, 0, 1;
    %jmp/0xz  T_0.6, 6;
    %vpi_call/w 3 185 "$fatal", 32'sb00000000000000000000000000000001, "READDOWN=0 header_cds_id mismatch" {0 0 0};
T_0.6 ;
    %load/vec4 v0x556bd8f03470_0;
    %cmpi/ne 4951, 0, 16;
    %jmp/0xz  T_0.8, 6;
    %vpi_call/w 3 186 "$fatal", 32'sb00000000000000000000000000000001, "READDOWN=0 header_temp mismatch" {0 0 0};
T_0.8 ;
    %load/vec4 v0x556bd8f03540_0;
    %cmpi/ne 9320, 0, 16;
    %jmp/0xz  T_0.10, 6;
    %vpi_call/w 3 187 "$fatal", 32'sb00000000000000000000000000000001, "READDOWN=0 header_vt mismatch" {0 0 0};
T_0.10 ;
    %load/vec4 v0x556bd8f03780_0;
    %load/vec4 v0x556bd8ec1440_0;
    %cmp/ne;
    %jmp/0xz  T_0.12, 6;
    %vpi_call/w 3 188 "$fatal", 32'sb00000000000000000000000000000001, "READDOWN=0 merged burst mismatch" {0 0 0};
T_0.12 ;
    %load/vec4 v0x556bd8f03920_0;
    %cmpi/ne 0, 0, 8;
    %jmp/0xz  T_0.14, 6;
    %vpi_call/w 3 189 "$fatal", 32'sb00000000000000000000000000000001, "READDOWN=0 first channel mismatch" {0 0 0};
T_0.14 ;
    %load/vec4 v0x556bd8f039f0_0;
    %cmpi/ne 7, 0, 8;
    %jmp/0xz  T_0.16, 6;
    %vpi_call/w 3 190 "$fatal", 32'sb00000000000000000000000000000001, "READDOWN=0 last channel mismatch" {0 0 0};
T_0.16 ;
    %load/vec4 v0x556bd8f03850_0;
    %cmpi/ne 0, 0, 7;
    %jmp/0xz  T_0.18, 6;
    %vpi_call/w 3 191 "$fatal", 32'sb00000000000000000000000000000001, "READDOWN=0 burst index mismatch" {0 0 0};
T_0.18 ;
    %alloc S_0x556bd8f01e50;
    %pushi/vec4 1, 0, 32;
    %store/vec4 v0x556bd8f02090_0, 0, 32;
    %fork TD_tb_ad71143_data_rx.finish_remaining_bursts, S_0x556bd8f01e50;
    %join;
    %free S_0x556bd8f01e50;
    %delay 200000, 0;
    %load/vec4 v0x556bd8f036e0_0;
    %nor/r;
    %flag_set/vec4 8;
    %jmp/0xz  T_0.20, 8;
    %vpi_call/w 3 195 "$fatal", 32'sb00000000000000000000000000000001, "READDOWN=0 line_done not seen" {0 0 0};
T_0.20 ;
    %wait E_0x556bd8e626c0;
    %end;
S_0x556bd8efd660 .scope autotask, "check_readdown1" "check_readdown1" 3 200, 3 200 0, S_0x556bd8ecce60;
 .timescale -9 -12;
v0x556bd8edcd90_0 .var "data_a", 63 0;
v0x556bd8edd110_0 .var "data_b", 63 0;
v0x556bd8edddf0_0 .var "expect_merge", 127 0;
v0x556bd8ecdce0_0 .var "header_a", 63 0;
v0x556bd8ecddb0_0 .var "header_b", 63 0;
TD_tb_ad71143_data_rx.check_readdown1 ;
    %pushi/vec4 2686451722, 0, 36;
    %concati/vec4 178935125, 0, 28;
    %store/vec4 v0x556bd8ecdce0_0, 0, 64;
    %pushi/vec4 0, 0, 64;
    %store/vec4 v0x556bd8ecddb0_0, 0, 64;
    %pushi/vec4 2149351444, 0, 34;
    %concati/vec4 537075713, 0, 30;
    %store/vec4 v0x556bd8edcd90_0, 0, 64;
    %pushi/vec4 2149089296, 0, 34;
    %concati/vec4 537010176, 0, 30;
    %store/vec4 v0x556bd8edd110_0, 0, 64;
    %pushi/vec4 2149351448, 0, 34;
    %concati/vec4 2148827152, 0, 32;
    %concati/vec4 2148302856, 0, 32;
    %concati/vec4 536944640, 0, 30;
    %store/vec4 v0x556bd8edddf0_0, 0, 128;
    %vpi_call/w 3 214 "$display", "=== READDOWN=1 ===" {0 0 0};
    %vpi_call/w 3 215 "$display", "header_a=%h bits: [63:56]=%h [55:51]=%b [50]=%b [49]=%b [48]=%b [47:32]=%h [31:16]=%h [15:0]=%h", v0x556bd8ecdce0_0, &PV<v0x556bd8ecdce0_0, 56, 8>, &PV<v0x556bd8ecdce0_0, 51, 5>, &PV<v0x556bd8ecdce0_0, 50, 1>, &PV<v0x556bd8ecdce0_0, 49, 1>, &PV<v0x556bd8ecdce0_0, 48, 1>, &PV<v0x556bd8ecdce0_0, 32, 16>, &PV<v0x556bd8ecdce0_0, 16, 16>, &PV<v0x556bd8ecdce0_0, 0, 16> {0 0 0};
    %vpi_call/w 3 218 "$display", "EXPECT: byte=0a ok=1 readdown=1 cds_id=0 temp=AAAA vt=5555 merge=%h first_ch=7 last_ch=0", v0x556bd8edddf0_0 {0 0 0};
    %alloc S_0x556bd8efd9d0;
    %fork TD_tb_ad71143_data_rx.drive_sync_and_aclk, S_0x556bd8efd9d0;
    %join;
    %free S_0x556bd8efd9d0;
    %pushi/vec4 0, 0, 1;
    %store/vec4 v0x556bd8f03ac0_0, 0, 1;
    %pushi/vec4 0, 0, 1;
    %store/vec4 v0x556bd8f036e0_0, 0, 1;
    %alloc S_0x556bd8f02450;
    %load/vec4 v0x556bd8ecdce0_0;
    %store/vec4 v0x556bd8f02770_0, 0, 64;
    %load/vec4 v0x556bd8ecddb0_0;
    %store/vec4 v0x556bd8f02850_0, 0, 64;
    %fork TD_tb_ad71143_data_rx.send_burst64, S_0x556bd8f02450;
    %join;
    %free S_0x556bd8f02450;
    %alloc S_0x556bd8f02450;
    %load/vec4 v0x556bd8edcd90_0;
    %store/vec4 v0x556bd8f02770_0, 0, 64;
    %load/vec4 v0x556bd8edd110_0;
    %store/vec4 v0x556bd8f02850_0, 0, 64;
    %fork TD_tb_ad71143_data_rx.send_burst64, S_0x556bd8f02450;
    %join;
    %free S_0x556bd8f02450;
    %delay 50000, 0;
    %vpi_call/w 3 228 "$display", "READDOWN=1 RESULT: ok=%0b byte=%h readdown=%0b cds_id=%0b temp=%h vt=%h burst=%h first_ch=%0d last_ch=%0d idx=%0d", v0x556bd8f032d0_0, v0x556bd8f03130_0, v0x556bd8f033a0_0, v0x556bd8f03200_0, v0x556bd8f03470_0, v0x556bd8f03540_0, v0x556bd8f03780_0, v0x556bd8f03920_0, v0x556bd8f039f0_0, v0x556bd8f03850_0 {0 0 0};
    %load/vec4 v0x556bd8f03ac0_0;
    %nor/r;
    %flag_set/vec4 8;
    %jmp/0xz  T_1.22, 8;
    %vpi_call/w 3 232 "$fatal", 32'sb00000000000000000000000000000001, "READDOWN=1 merged_valid not seen" {0 0 0};
T_1.22 ;
    %load/vec4 v0x556bd8f032d0_0;
    %nor/r;
    %flag_set/vec4 8;
    %jmp/0xz  T_1.24, 8;
    %vpi_call/w 3 233 "$fatal", 32'sb00000000000000000000000000000001, "READDOWN=1 header_ok failed" {0 0 0};
T_1.24 ;
    %load/vec4 v0x556bd8f03130_0;
    %cmpi/ne 10, 0, 8;
    %jmp/0xz  T_1.26, 6;
    %vpi_call/w 3 234 "$fatal", 32'sb00000000000000000000000000000001, "READDOWN=1 header byte mismatch" {0 0 0};
T_1.26 ;
    %load/vec4 v0x556bd8f033a0_0;
    %cmpi/ne 1, 0, 1;
    %jmp/0xz  T_1.28, 6;
    %vpi_call/w 3 235 "$fatal", 32'sb00000000000000000000000000000001, "READDOWN=1 header_readdown mismatch" {0 0 0};
T_1.28 ;
    %load/vec4 v0x556bd8f03200_0;
    %cmpi/ne 0, 0, 1;
    %jmp/0xz  T_1.30, 6;
    %vpi_call/w 3 236 "$fatal", 32'sb00000000000000000000000000000001, "READDOWN=1 header_cds_id mismatch" {0 0 0};
T_1.30 ;
    %load/vec4 v0x556bd8f03470_0;
    %cmpi/ne 43690, 0, 16;
    %jmp/0xz  T_1.32, 6;
    %vpi_call/w 3 237 "$fatal", 32'sb00000000000000000000000000000001, "READDOWN=1 header_temp mismatch" {0 0 0};
T_1.32 ;
    %load/vec4 v0x556bd8f03540_0;
    %cmpi/ne 21845, 0, 16;
    %jmp/0xz  T_1.34, 6;
    %vpi_call/w 3 238 "$fatal", 32'sb00000000000000000000000000000001, "READDOWN=1 header_vt mismatch" {0 0 0};
T_1.34 ;
    %load/vec4 v0x556bd8f03780_0;
    %load/vec4 v0x556bd8edddf0_0;
    %cmp/ne;
    %jmp/0xz  T_1.36, 6;
    %vpi_call/w 3 239 "$fatal", 32'sb00000000000000000000000000000001, "READDOWN=1 merged burst mismatch" {0 0 0};
T_1.36 ;
    %load/vec4 v0x556bd8f03920_0;
    %cmpi/ne 7, 0, 8;
    %jmp/0xz  T_1.38, 6;
    %vpi_call/w 3 240 "$fatal", 32'sb00000000000000000000000000000001, "READDOWN=1 first channel mismatch" {0 0 0};
T_1.38 ;
    %load/vec4 v0x556bd8f039f0_0;
    %cmpi/ne 0, 0, 8;
    %jmp/0xz  T_1.40, 6;
    %vpi_call/w 3 241 "$fatal", 32'sb00000000000000000000000000000001, "READDOWN=1 last channel mismatch" {0 0 0};
T_1.40 ;
    %load/vec4 v0x556bd8f03850_0;
    %cmpi/ne 0, 0, 7;
    %jmp/0xz  T_1.42, 6;
    %vpi_call/w 3 242 "$fatal", 32'sb00000000000000000000000000000001, "READDOWN=1 burst index mismatch" {0 0 0};
T_1.42 ;
    %alloc S_0x556bd8f01e50;
    %pushi/vec4 1, 0, 32;
    %store/vec4 v0x556bd8f02090_0, 0, 32;
    %fork TD_tb_ad71143_data_rx.finish_remaining_bursts, S_0x556bd8f01e50;
    %join;
    %free S_0x556bd8f01e50;
    %delay 200000, 0;
    %load/vec4 v0x556bd8f036e0_0;
    %nor/r;
    %flag_set/vec4 8;
    %jmp/0xz  T_1.44, 8;
    %vpi_call/w 3 246 "$fatal", 32'sb00000000000000000000000000000001, "READDOWN=1 line_done not seen" {0 0 0};
T_1.44 ;
    %wait E_0x556bd8e626c0;
    %end;
S_0x556bd8efd9d0 .scope autotask, "drive_sync_and_aclk" "drive_sync_and_aclk" 3 86, 3 86 0, S_0x556bd8ecce60;
 .timescale -9 -12;
TD_tb_ad71143_data_rx.drive_sync_and_aclk ;
    %pushi/vec4 1, 0, 1;
    %store/vec4 v0x556bd8f04040_0, 0, 1;
    %pushi/vec4 2, 0, 32;
T_2.46 %dup/vec4;
    %cmpi/s 0, 0, 32;
    %jmp/1xz T_2.47, 5;
    %jmp/1 T_2.47, 4;
    %subi 1, 0, 32;
    %wait E_0x556bd8e626c0;
    %jmp T_2.46;
T_2.47 ;
    %pop/vec4 1;
    %delay 1000, 0;
    %pushi/vec4 0, 0, 1;
    %store/vec4 v0x556bd8f04040_0, 0, 1;
    %pushi/vec4 2, 0, 32;
T_2.48 %dup/vec4;
    %cmpi/s 0, 0, 32;
    %jmp/1xz T_2.49, 5;
    %jmp/1 T_2.49, 4;
    %subi 1, 0, 32;
    %wait E_0x556bd8e626c0;
    %jmp T_2.48;
T_2.49 ;
    %pop/vec4 1;
    %delay 1000, 0;
    %pushi/vec4 1, 0, 1;
    %store/vec4 v0x556bd8f02910_0, 0, 1;
    %pushi/vec4 2, 0, 32;
T_2.50 %dup/vec4;
    %cmpi/s 0, 0, 32;
    %jmp/1xz T_2.51, 5;
    %jmp/1 T_2.51, 4;
    %subi 1, 0, 32;
    %wait E_0x556bd8e626c0;
    %jmp T_2.50;
T_2.51 ;
    %pop/vec4 1;
    %delay 1000, 0;
    %pushi/vec4 0, 0, 1;
    %store/vec4 v0x556bd8f02910_0, 0, 1;
    %end;
S_0x556bd8efdbb0 .scope module, "dut" "ad71143_data_rx" 3 40, 4 16 0, S_0x556bd8ecce60;
 .timescale -9 -12;
    .port_info 0 /INPUT 1 "clk_sys";
    .port_info 1 /INPUT 1 "rst_n";
    .port_info 2 /INPUT 1 "sync_in";
    .port_info 3 /INPUT 1 "aclk_done";
    .port_info 4 /OUTPUT 1 "dclk_p_A";
    .port_info 5 /OUTPUT 1 "dclk_n_A";
    .port_info 6 /INPUT 1 "dclko_p_A";
    .port_info 7 /INPUT 1 "dclko_n_A";
    .port_info 8 /INPUT 1 "dout_p_A";
    .port_info 9 /INPUT 1 "dout_n_A";
    .port_info 10 /INPUT 1 "dout_p_B";
    .port_info 11 /INPUT 1 "dout_n_B";
    .port_info 12 /OUTPUT 1 "line_done";
    .port_info 13 /OUTPUT 1 "header_ok";
    .port_info 14 /OUTPUT 8 "header_byte";
    .port_info 15 /OUTPUT 1 "header_readdown";
    .port_info 16 /OUTPUT 1 "header_cds_id";
    .port_info 17 /OUTPUT 16 "header_temp";
    .port_info 18 /OUTPUT 16 "header_vt";
    .port_info 19 /OUTPUT 1 "merged_valid";
    .port_info 20 /OUTPUT 128 "merged_burst";
    .port_info 21 /OUTPUT 8 "merged_first_channel";
    .port_info 22 /OUTPUT 8 "merged_last_channel";
    .port_info 23 /OUTPUT 7 "merged_burst_index";
    .port_info 24 /OUTPUT 3 "state_debug";
    .port_info 25 /OUTPUT 8 "shift_hi";
    .port_info 26 /OUTPUT 8 "shift_lo";
    .port_info 27 /OUTPUT 1 "burst_en_out";
    .port_info 28 /OUTPUT 1 "burst_en_comb";
    .port_info 29 /OUTPUT 1 "roic_trigger";
P_0x556bd8e5c620 .param/l "ACTIVE_DCLK" 1 4 61, +C4<00000000000000000000000001000000>;
P_0x556bd8e5c660 .param/l "DATA_BURSTS" 1 4 62, +C4<00000000000000000000000000100000>;
P_0x556bd8e5c6a0 .param/l "MUTE_MIN" 0 4 64, +C4<00000000000000000000000001110001>;
P_0x556bd8e5c6e0 .param/l "S_ACT" 1 4 57, C4<010>;
P_0x556bd8e5c720 .param/l "S_DONE" 1 4 59, C4<100>;
P_0x556bd8e5c760 .param/l "S_IDLE" 1 4 55, C4<000>;
P_0x556bd8e5c7a0 .param/l "S_MUTE" 1 4 58, C4<011>;
P_0x556bd8e5c7e0 .param/l "S_WAIT" 1 4 56, C4<001>;
P_0x556bd8e5c820 .param/l "TOTAL_BURSTS" 1 4 63, +C4<00000000000000000000000000100010>;
L_0x556bd8e5cd20 .functor AND 1, v0x556bd8f01850_0, L_0x556bd8f048b0, C4<1>, C4<1>;
L_0x556bd8eb7740 .functor XOR 1, v0x556bd8eff510_0, v0x556bd8eff5d0_0, C4<0>, C4<0>;
L_0x556bd8ec1330 .functor BUFZ 1, L_0x556bd8f04a90, C4<0>, C4<0>, C4<0>;
L_0x556bd8e5ccb0 .functor BUFZ 1, L_0x556bd8f04a90, C4<0>, C4<0>, C4<0>;
L_0x556bd8e5cb80 .functor OR 1, L_0x556bd8f04d10, L_0x556bd8f04e00, C4<0>, C4<0>;
L_0x556bd8edcc40 .functor BUFZ 1, L_0x556bd8f052b0, C4<0>, C4<0>, C4<0>;
L_0x556bd8edcfc0 .functor NOT 1, L_0x556bd8f052b0, C4<0>, C4<0>, C4<0>;
L_0x556bd8eddca0 .functor BUFZ 1, v0x556bd8f02de0_0, C4<0>, C4<0>, C4<0>;
L_0x556bd8ecdbd0 .functor BUFZ 1, v0x556bd8f02fc0_0, C4<0>, C4<0>, C4<0>;
L_0x556bd8ece2e0 .functor BUFZ 1, v0x556bd8f03060_0, C4<0>, C4<0>, C4<0>;
v0x556bd8ece3f0_0 .net *"_ivl_17", 0 0, L_0x556bd8f048b0;  1 drivers
L_0x7fc149328018 .functor BUFT 1, C4<010>, C4<0>, C4<0>, C4<0>;
v0x556bd8ece4c0_0 .net/2u *"_ivl_22", 2 0, L_0x7fc149328018;  1 drivers
L_0x7fc149328060 .functor BUFT 1, C4<010>, C4<0>, C4<0>, C4<0>;
v0x556bd8ed06a0_0 .net/2u *"_ivl_30", 2 0, L_0x7fc149328060;  1 drivers
v0x556bd8ed0740_0 .net *"_ivl_32", 0 0, L_0x556bd8f04d10;  1 drivers
L_0x7fc1493280a8 .functor BUFT 1, C4<010>, C4<0>, C4<0>, C4<0>;
v0x556bd8edfc70_0 .net/2u *"_ivl_34", 2 0, L_0x7fc1493280a8;  1 drivers
v0x556bd8edfd10_0 .net *"_ivl_36", 0 0, L_0x556bd8f04e00;  1 drivers
L_0x7fc1493280f0 .functor BUFT 1, C4<0>, C4<0>, C4<0>, C4<0>;
v0x556bd8efe6f0_0 .net/2u *"_ivl_44", 0 0, L_0x7fc1493280f0;  1 drivers
v0x556bd8efe7d0_0 .net "a_word0", 15 0, L_0x556bd8f04110;  1 drivers
v0x556bd8efe8b0_0 .net "a_word1", 15 0, L_0x556bd8f04210;  1 drivers
v0x556bd8efe990_0 .net "a_word2", 15 0, L_0x556bd8f042e0;  1 drivers
v0x556bd8efea70_0 .net "a_word3", 15 0, L_0x556bd8f04380;  1 drivers
v0x556bd8efeb50_0 .net "aclk_done", 0 0, v0x556bd8f02910_0;  1 drivers
v0x556bd8efec10_0 .net "b_word0", 15 0, L_0x556bd8f04480;  1 drivers
v0x556bd8efecf0_0 .net "b_word1", 15 0, L_0x556bd8f04580;  1 drivers
v0x556bd8efedd0_0 .net "b_word2", 15 0, L_0x556bd8f04690;  1 drivers
v0x556bd8efeeb0_0 .net "b_word3", 15 0, L_0x556bd8f04730;  1 drivers
v0x556bd8efef90_0 .var "burst_cnt", 6 0;
v0x556bd8eff070_0 .net "burst_en", 0 0, L_0x556bd8f04a90;  1 drivers
v0x556bd8eff130_0 .net "burst_en_comb", 0 0, L_0x556bd8e5ccb0;  alias, 1 drivers
v0x556bd8eff1f0_0 .net "burst_en_out", 0 0, L_0x556bd8ec1330;  alias, 1 drivers
v0x556bd8eff2b0_0 .var "cap_active_dclko", 0 0;
v0x556bd8eff370_0 .var "cap_bit_cnt_dclko", 6 0;
v0x556bd8eff450_0 .var "cap_done_tgl_dclko", 0 0;
v0x556bd8eff510_0 .var "cap_done_tgl_sys_d1", 0 0;
v0x556bd8eff5d0_0 .var "cap_done_tgl_sys_d2", 0 0;
v0x556bd8eff690_0 .var "cap_start_tgl_d1", 0 0;
v0x556bd8eff750_0 .var "cap_start_tgl_d2", 0 0;
v0x556bd8eff810_0 .var "cap_start_tgl_sys", 0 0;
v0x556bd8eff8d0_0 .net "capture_done_pulse_sys", 0 0, L_0x556bd8eb7740;  1 drivers
v0x556bd8eff990_0 .net "clk_sys", 0 0, v0x556bd8f02b10_0;  1 drivers
v0x556bd8effa50_0 .net "dclk_n_A", 0 0, L_0x556bd8edcfc0;  alias, 1 drivers
v0x556bd8effb10_0 .net "dclk_p_A", 0 0, L_0x556bd8edcc40;  alias, 1 drivers
v0x556bd8effbd0_0 .net "dclk_pre", 0 0, L_0x556bd8f052b0;  1 drivers
v0x556bd8effc90_0 .net "dclko_i", 0 0, L_0x556bd8eddca0;  1 drivers
v0x556bd8effd50_0 .net "dclko_n_A", 0 0, v0x556bd8f02d40_0;  1 drivers
v0x556bd8effe10_0 .net "dclko_p_A", 0 0, v0x556bd8f02de0_0;  1 drivers
v0x556bd8effed0_0 .net "dout_a_i", 0 0, L_0x556bd8ecdbd0;  1 drivers
v0x556bd8efff90_0 .net "dout_b_i", 0 0, L_0x556bd8ece2e0;  1 drivers
v0x556bd8f00050_0 .net "dout_n_A", 0 0, v0x556bd8f02e80_0;  1 drivers
v0x556bd8f00110_0 .net "dout_n_B", 0 0, v0x556bd8f02f20_0;  1 drivers
v0x556bd8f001d0_0 .net "dout_p_A", 0 0, v0x556bd8f02fc0_0;  1 drivers
v0x556bd8f00290_0 .net "dout_p_B", 0 0, v0x556bd8f03060_0;  1 drivers
v0x556bd8f00350_0 .var "header_byte", 7 0;
v0x556bd8f00430_0 .var "header_cds_id", 0 0;
v0x556bd8f004f0_0 .var "header_ok", 0 0;
v0x556bd8f005b0_0 .var "header_readdown", 0 0;
v0x556bd8f00670_0 .var "header_temp", 15 0;
v0x556bd8f00750_0 .var "header_vt", 15 0;
v0x556bd8f00830_0 .var "lane_a_shift", 63 0;
v0x556bd8f00910_0 .var "lane_b_shift", 63 0;
v0x556bd8f009f0_0 .var "line_done", 0 0;
v0x556bd8f00ab0_0 .var "merged_burst", 127 0;
v0x556bd8f00b90_0 .var "merged_burst_index", 6 0;
v0x556bd8f00c70_0 .var "merged_burst_next", 127 0;
v0x556bd8f00d50_0 .var "merged_first_channel", 7 0;
v0x556bd8f00e30_0 .var "merged_first_channel_next", 7 0;
v0x556bd8f00f10_0 .var "merged_last_channel", 7 0;
v0x556bd8f00ff0_0 .var "merged_last_channel_next", 7 0;
v0x556bd8f010d0_0 .var "merged_valid", 0 0;
v0x556bd8f01190_0 .var "mute_cnt", 9 0;
v0x556bd8f01270_0 .net "roic_trigger", 0 0, L_0x556bd8e5cb80;  alias, 1 drivers
v0x556bd8f01330_0 .net "rst_n", 0 0, v0x556bd8f03d00_0;  1 drivers
v0x556bd8f013f0_0 .net "shift_hi", 7 0, L_0x556bd8f05050;  alias, 1 drivers
v0x556bd8f014d0_0 .net "shift_lo", 7 0, L_0x556bd8f05140;  alias, 1 drivers
v0x556bd8f015b0_0 .var "state", 2 0;
v0x556bd8f01690_0 .var "state_debug", 2 0;
v0x556bd8f01770_0 .var "state_next", 2 0;
v0x556bd8f01850_0 .var "sync_d1", 0 0;
v0x556bd8f01910_0 .net "sync_fall", 0 0, L_0x556bd8e5cd20;  1 drivers
v0x556bd8f019d0_0 .net "sync_in", 0 0, v0x556bd8f04040_0;  1 drivers
E_0x556bd8e26cb0/0 .event negedge, v0x556bd8f01330_0;
E_0x556bd8e26cb0/1 .event posedge, v0x556bd8effc90_0;
E_0x556bd8e26cb0 .event/or E_0x556bd8e26cb0/0, E_0x556bd8e26cb0/1;
E_0x556bd8e64110/0 .event anyedge, v0x556bd8f005b0_0, v0x556bd8efe7d0_0, v0x556bd8efec10_0, v0x556bd8efe8b0_0;
E_0x556bd8e64110/1 .event anyedge, v0x556bd8efecf0_0, v0x556bd8efe990_0, v0x556bd8efedd0_0, v0x556bd8efea70_0;
E_0x556bd8e64110/2 .event anyedge, v0x556bd8efeeb0_0, v0x556bd8efef90_0;
E_0x556bd8e64110 .event/or E_0x556bd8e64110/0, E_0x556bd8e64110/1, E_0x556bd8e64110/2;
E_0x556bd8e64580/0 .event negedge, v0x556bd8f01330_0;
E_0x556bd8e64580/1 .event posedge, v0x556bd8eff990_0;
E_0x556bd8e64580 .event/or E_0x556bd8e64580/0, E_0x556bd8e64580/1;
E_0x556bd8e667d0/0 .event anyedge, v0x556bd8f015b0_0, v0x556bd8f01910_0, v0x556bd8efeb50_0, v0x556bd8eff8d0_0;
E_0x556bd8e667d0/1 .event anyedge, v0x556bd8efef90_0, v0x556bd8f01190_0;
E_0x556bd8e667d0 .event/or E_0x556bd8e667d0/0, E_0x556bd8e667d0/1;
L_0x556bd8f04110 .part v0x556bd8f00830_0, 48, 16;
L_0x556bd8f04210 .part v0x556bd8f00830_0, 32, 16;
L_0x556bd8f042e0 .part v0x556bd8f00830_0, 16, 16;
L_0x556bd8f04380 .part v0x556bd8f00830_0, 0, 16;
L_0x556bd8f04480 .part v0x556bd8f00910_0, 48, 16;
L_0x556bd8f04580 .part v0x556bd8f00910_0, 32, 16;
L_0x556bd8f04690 .part v0x556bd8f00910_0, 16, 16;
L_0x556bd8f04730 .part v0x556bd8f00910_0, 0, 16;
L_0x556bd8f048b0 .reduce/nor v0x556bd8f04040_0;
L_0x556bd8f04a90 .cmp/eq 3, v0x556bd8f015b0_0, L_0x7fc149328018;
L_0x556bd8f04d10 .cmp/eq 3, v0x556bd8f01770_0, L_0x7fc149328060;
L_0x556bd8f04e00 .cmp/eq 3, v0x556bd8f015b0_0, L_0x7fc1493280a8;
L_0x556bd8f05050 .part v0x556bd8f00830_0, 56, 8;
L_0x556bd8f05140 .part v0x556bd8f00830_0, 0, 8;
L_0x556bd8f052b0 .functor MUXZ 1, L_0x7fc1493280f0, v0x556bd8f02b10_0, L_0x556bd8f04a90, C4<>;
S_0x556bd8f01e50 .scope autotask, "finish_remaining_bursts" "finish_remaining_bursts" 3 136, 3 136 0, S_0x556bd8ecce60;
 .timescale -9 -12;
v0x556bd8f02090_0 .var/i "data_bursts_already_sent", 31 0;
v0x556bd8f02190_0 .var/i "n", 31 0;
E_0x556bd8e66b40 .event anyedge, v0x556bd8eff1f0_0;
E_0x556bd8e66d60 .event negedge, v0x556bd8eff1f0_0;
TD_tb_ad71143_data_rx.finish_remaining_bursts ;
    %load/vec4 v0x556bd8f02090_0;
    %store/vec4 v0x556bd8f02190_0, 0, 32;
T_3.52 ; Top of for-loop
    %load/vec4 v0x556bd8f02190_0;
    %cmpi/s 32, 0, 32;
	  %jmp/0xz T_3.53, 5;
    %alloc S_0x556bd8f02450;
    %pushi/vec4 2147549185, 0, 35;
    %concati/vec4 268451840, 0, 29;
    %load/vec4 v0x556bd8f02190_0;
    %pad/u 64;
    %add;
    %store/vec4 v0x556bd8f02770_0, 0, 64;
    %pushi/vec4 2684403712, 0, 33;
    %concati/vec4 1879080960, 0, 31;
    %load/vec4 v0x556bd8f02190_0;
    %pad/u 64;
    %add;
    %store/vec4 v0x556bd8f02850_0, 0, 64;
    %fork TD_tb_ad71143_data_rx.send_burst64, S_0x556bd8f02450;
    %join;
    %free S_0x556bd8f02450;
    %wait E_0x556bd8e66d60;
T_3.55 ;
    %load/vec4 v0x556bd8f02a70_0;
    %pushi/vec4 1, 0, 1;
    %cmp/e;
    %flag_get/vec4 6;
    %cmpi/ne 1, 0, 1;
    %jmp/0xz T_3.56, 6;
    %wait E_0x556bd8e66b40;
    %jmp T_3.55;
T_3.56 ;
T_3.54 ; for-loop step statement
    %load/vec4 v0x556bd8f02190_0;
    %addi 1, 0, 32;
    %store/vec4 v0x556bd8f02190_0, 0, 32;
    %jmp T_3.52;
T_3.53 ; for-loop exit label
    %alloc S_0x556bd8f02450;
    %pushi/vec4 3735928559, 0, 32;
    %concati/vec4 3405648436, 0, 32;
    %store/vec4 v0x556bd8f02770_0, 0, 64;
    %pushi/vec4 2443359172, 0, 39;
    %concati/vec4 28036591, 0, 25;
    %store/vec4 v0x556bd8f02850_0, 0, 64;
    %fork TD_tb_ad71143_data_rx.send_burst64, S_0x556bd8f02450;
    %join;
    %free S_0x556bd8f02450;
    %end;
S_0x556bd8f02270 .scope autotask, "pulse_dclko" "pulse_dclko" 3 98, 3 98 0, S_0x556bd8ecce60;
 .timescale -9 -12;
TD_tb_ad71143_data_rx.pulse_dclko ;
    %delay 5000, 0;
    %pushi/vec4 1, 0, 1;
    %store/vec4 v0x556bd8f02de0_0, 0, 1;
    %pushi/vec4 0, 0, 1;
    %store/vec4 v0x556bd8f02d40_0, 0, 1;
    %delay 10000, 0;
    %pushi/vec4 0, 0, 1;
    %store/vec4 v0x556bd8f02de0_0, 0, 1;
    %pushi/vec4 1, 0, 1;
    %store/vec4 v0x556bd8f02d40_0, 0, 1;
    %delay 10000, 0;
    %end;
S_0x556bd8f02450 .scope autotask, "send_burst64" "send_burst64" 3 110, 3 110 0, S_0x556bd8ecce60;
 .timescale -9 -12;
v0x556bd8f02670_0 .var/i "k", 31 0;
v0x556bd8f02770_0 .var "lane_a", 63 0;
v0x556bd8f02850_0 .var "lane_b", 63 0;
E_0x556bd8e67b50 .event anyedge, v0x556bd8eff1f0_0;
TD_tb_ad71143_data_rx.send_burst64 ;
T_5.57 ;
    %load/vec4 v0x556bd8f02a70_0;
    %pushi/vec4 1, 0, 1;
    %cmp/e;
    %flag_get/vec4 6;
    %cmpi/ne 1, 0, 1;
    %jmp/0xz T_5.58, 6;
    %wait E_0x556bd8e67b50;
    %jmp T_5.57;
T_5.58 ;
    %vpi_call/w 3 117 "$display", "[%0t] send_burst64 START: lane_a=%h lane_b=%h", $time, v0x556bd8f02770_0, v0x556bd8f02850_0 {0 0 0};
    %alloc S_0x556bd8f02270;
    %fork TD_tb_ad71143_data_rx.pulse_dclko, S_0x556bd8f02270;
    %join;
    %free S_0x556bd8f02270;
    %alloc S_0x556bd8f02270;
    %fork TD_tb_ad71143_data_rx.pulse_dclko, S_0x556bd8f02270;
    %join;
    %free S_0x556bd8f02270;
    %pushi/vec4 63, 0, 32;
    %store/vec4 v0x556bd8f02670_0, 0, 32;
T_5.59 ; Top of for-loop
    %load/vec4 v0x556bd8f02670_0;
    %cmpi/s 0, 0, 32;
    %flag_inv 5; GE is !LT
	  %jmp/0xz T_5.60, 5;
    %load/vec4 v0x556bd8f02770_0;
    %load/vec4 v0x556bd8f02670_0;
    %part/s 1;
    %store/vec4 v0x556bd8f02fc0_0, 0, 1;
    %load/vec4 v0x556bd8f02770_0;
    %load/vec4 v0x556bd8f02670_0;
    %part/s 1;
    %inv;
    %store/vec4 v0x556bd8f02e80_0, 0, 1;
    %load/vec4 v0x556bd8f02850_0;
    %load/vec4 v0x556bd8f02670_0;
    %part/s 1;
    %store/vec4 v0x556bd8f03060_0, 0, 1;
    %load/vec4 v0x556bd8f02850_0;
    %load/vec4 v0x556bd8f02670_0;
    %part/s 1;
    %inv;
    %store/vec4 v0x556bd8f02f20_0, 0, 1;
    %alloc S_0x556bd8f02270;
    %fork TD_tb_ad71143_data_rx.pulse_dclko, S_0x556bd8f02270;
    %join;
    %free S_0x556bd8f02270;
T_5.61 ; for-loop step statement
    %load/vec4 v0x556bd8f02670_0;
    %subi 1, 0, 32;
    %store/vec4 v0x556bd8f02670_0, 0, 32;
    %jmp T_5.59;
T_5.60 ; for-loop exit label
    %vpi_call/w 3 132 "$display", "[%0t] send_burst64 DONE:  lane_a=%h lane_b=%h", $time, v0x556bd8f02770_0, v0x556bd8f02850_0 {0 0 0};
    %end;
    .scope S_0x556bd8efdbb0;
T_6 ;
    %wait E_0x556bd8e64580;
    %load/vec4 v0x556bd8f01330_0;
    %nor/r;
    %flag_set/vec4 8;
    %jmp/0xz  T_6.0, 8;
    %pushi/vec4 0, 0, 1;
    %assign/vec4 v0x556bd8f01850_0, 0;
    %jmp T_6.1;
T_6.0 ;
    %load/vec4 v0x556bd8f019d0_0;
    %assign/vec4 v0x556bd8f01850_0, 0;
T_6.1 ;
    %jmp T_6;
    .thread T_6;
    .scope S_0x556bd8efdbb0;
T_7 ;
    %wait E_0x556bd8e64580;
    %load/vec4 v0x556bd8f01330_0;
    %nor/r;
    %flag_set/vec4 8;
    %jmp/0xz  T_7.0, 8;
    %pushi/vec4 0, 0, 3;
    %assign/vec4 v0x556bd8f015b0_0, 0;
    %jmp T_7.1;
T_7.0 ;
    %load/vec4 v0x556bd8f01770_0;
    %assign/vec4 v0x556bd8f015b0_0, 0;
T_7.1 ;
    %jmp T_7;
    .thread T_7;
    .scope S_0x556bd8efdbb0;
T_8 ;
    %wait E_0x556bd8e667d0;
    %load/vec4 v0x556bd8f015b0_0;
    %store/vec4 v0x556bd8f01770_0, 0, 3;
    %load/vec4 v0x556bd8f015b0_0;
    %dup/vec4;
    %pushi/vec4 0, 0, 3;
    %cmp/u;
    %jmp/1 T_8.0, 6;
    %dup/vec4;
    %pushi/vec4 1, 0, 3;
    %cmp/u;
    %jmp/1 T_8.1, 6;
    %dup/vec4;
    %pushi/vec4 2, 0, 3;
    %cmp/u;
    %jmp/1 T_8.2, 6;
    %dup/vec4;
    %pushi/vec4 3, 0, 3;
    %cmp/u;
    %jmp/1 T_8.3, 6;
    %dup/vec4;
    %pushi/vec4 4, 0, 3;
    %cmp/u;
    %jmp/1 T_8.4, 6;
    %pushi/vec4 0, 0, 3;
    %store/vec4 v0x556bd8f01770_0, 0, 3;
    %jmp T_8.6;
T_8.0 ;
    %load/vec4 v0x556bd8f01910_0;
    %flag_set/vec4 8;
    %jmp/0xz  T_8.7, 8;
    %pushi/vec4 1, 0, 3;
    %store/vec4 v0x556bd8f01770_0, 0, 3;
T_8.7 ;
    %jmp T_8.6;
T_8.1 ;
    %load/vec4 v0x556bd8efeb50_0;
    %flag_set/vec4 8;
    %jmp/0xz  T_8.9, 8;
    %pushi/vec4 2, 0, 3;
    %store/vec4 v0x556bd8f01770_0, 0, 3;
T_8.9 ;
    %jmp T_8.6;
T_8.2 ;
    %load/vec4 v0x556bd8eff8d0_0;
    %flag_set/vec4 8;
    %jmp/0xz  T_8.11, 8;
    %load/vec4 v0x556bd8efef90_0;
    %pad/u 32;
    %cmpi/e 33, 0, 32;
    %jmp/0xz  T_8.13, 4;
    %pushi/vec4 4, 0, 3;
    %store/vec4 v0x556bd8f01770_0, 0, 3;
    %jmp T_8.14;
T_8.13 ;
    %pushi/vec4 3, 0, 3;
    %store/vec4 v0x556bd8f01770_0, 0, 3;
T_8.14 ;
T_8.11 ;
    %jmp T_8.6;
T_8.3 ;
    %load/vec4 v0x556bd8f01190_0;
    %pad/u 32;
    %cmpi/u 112, 0, 32;
    %flag_inv 5; GE is !LT
    %jmp/0xz  T_8.15, 5;
    %pushi/vec4 2, 0, 3;
    %store/vec4 v0x556bd8f01770_0, 0, 3;
T_8.15 ;
    %jmp T_8.6;
T_8.4 ;
    %pushi/vec4 0, 0, 3;
    %store/vec4 v0x556bd8f01770_0, 0, 3;
    %jmp T_8.6;
T_8.6 ;
    %pop/vec4 1;
    %jmp T_8;
    .thread T_8, $push;
    .scope S_0x556bd8efdbb0;
T_9 ;
    %wait E_0x556bd8e64580;
    %load/vec4 v0x556bd8f01330_0;
    %nor/r;
    %flag_set/vec4 8;
    %jmp/0xz  T_9.0, 8;
    %pushi/vec4 0, 0, 1;
    %assign/vec4 v0x556bd8eff510_0, 0;
    %pushi/vec4 0, 0, 1;
    %assign/vec4 v0x556bd8eff5d0_0, 0;
    %jmp T_9.1;
T_9.0 ;
    %load/vec4 v0x556bd8eff450_0;
    %assign/vec4 v0x556bd8eff510_0, 0;
    %load/vec4 v0x556bd8eff510_0;
    %assign/vec4 v0x556bd8eff5d0_0, 0;
T_9.1 ;
    %jmp T_9;
    .thread T_9;
    .scope S_0x556bd8efdbb0;
T_10 ;
    %wait E_0x556bd8e64580;
    %load/vec4 v0x556bd8f01330_0;
    %nor/r;
    %flag_set/vec4 8;
    %jmp/0xz  T_10.0, 8;
    %pushi/vec4 0, 0, 10;
    %assign/vec4 v0x556bd8f01190_0, 0;
    %pushi/vec4 0, 0, 7;
    %assign/vec4 v0x556bd8efef90_0, 0;
    %pushi/vec4 0, 0, 1;
    %assign/vec4 v0x556bd8eff810_0, 0;
    %pushi/vec4 0, 0, 1;
    %assign/vec4 v0x556bd8f004f0_0, 0;
    %pushi/vec4 0, 0, 8;
    %assign/vec4 v0x556bd8f00350_0, 0;
    %pushi/vec4 0, 0, 1;
    %assign/vec4 v0x556bd8f005b0_0, 0;
    %pushi/vec4 0, 0, 1;
    %assign/vec4 v0x556bd8f00430_0, 0;
    %pushi/vec4 0, 0, 16;
    %assign/vec4 v0x556bd8f00670_0, 0;
    %pushi/vec4 0, 0, 16;
    %assign/vec4 v0x556bd8f00750_0, 0;
    %pushi/vec4 0, 0, 1;
    %assign/vec4 v0x556bd8f010d0_0, 0;
    %pushi/vec4 0, 0, 128;
    %assign/vec4 v0x556bd8f00ab0_0, 0;
    %pushi/vec4 0, 0, 8;
    %assign/vec4 v0x556bd8f00d50_0, 0;
    %pushi/vec4 0, 0, 8;
    %assign/vec4 v0x556bd8f00f10_0, 0;
    %pushi/vec4 0, 0, 7;
    %assign/vec4 v0x556bd8f00b90_0, 0;
    %pushi/vec4 0, 0, 1;
    %assign/vec4 v0x556bd8f009f0_0, 0;
    %pushi/vec4 0, 0, 3;
    %assign/vec4 v0x556bd8f01690_0, 0;
    %jmp T_10.1;
T_10.0 ;
    %pushi/vec4 0, 0, 1;
    %assign/vec4 v0x556bd8f010d0_0, 0;
    %pushi/vec4 0, 0, 1;
    %assign/vec4 v0x556bd8f009f0_0, 0;
    %load/vec4 v0x556bd8f015b0_0;
    %assign/vec4 v0x556bd8f01690_0, 0;
    %load/vec4 v0x556bd8f015b0_0;
    %dup/vec4;
    %pushi/vec4 0, 0, 3;
    %cmp/u;
    %jmp/1 T_10.2, 6;
    %dup/vec4;
    %pushi/vec4 1, 0, 3;
    %cmp/u;
    %jmp/1 T_10.3, 6;
    %dup/vec4;
    %pushi/vec4 2, 0, 3;
    %cmp/u;
    %jmp/1 T_10.4, 6;
    %dup/vec4;
    %pushi/vec4 3, 0, 3;
    %cmp/u;
    %jmp/1 T_10.5, 6;
    %dup/vec4;
    %pushi/vec4 4, 0, 3;
    %cmp/u;
    %jmp/1 T_10.6, 6;
    %pushi/vec4 0, 0, 10;
    %assign/vec4 v0x556bd8f01190_0, 0;
    %jmp T_10.8;
T_10.2 ;
    %pushi/vec4 0, 0, 10;
    %assign/vec4 v0x556bd8f01190_0, 0;
    %pushi/vec4 0, 0, 7;
    %assign/vec4 v0x556bd8efef90_0, 0;
    %pushi/vec4 0, 0, 1;
    %assign/vec4 v0x556bd8f004f0_0, 0;
    %pushi/vec4 0, 0, 7;
    %assign/vec4 v0x556bd8f00b90_0, 0;
    %jmp T_10.8;
T_10.3 ;
    %pushi/vec4 0, 0, 10;
    %assign/vec4 v0x556bd8f01190_0, 0;
    %load/vec4 v0x556bd8efeb50_0;
    %flag_set/vec4 8;
    %jmp/0xz  T_10.9, 8;
    %load/vec4 v0x556bd8eff810_0;
    %inv;
    %assign/vec4 v0x556bd8eff810_0, 0;
T_10.9 ;
    %jmp T_10.8;
T_10.4 ;
    %pushi/vec4 0, 0, 10;
    %assign/vec4 v0x556bd8f01190_0, 0;
    %load/vec4 v0x556bd8eff8d0_0;
    %flag_set/vec4 8;
    %jmp/0xz  T_10.11, 8;
    %load/vec4 v0x556bd8efef90_0;
    %pad/u 32;
    %cmpi/e 0, 0, 32;
    %jmp/0xz  T_10.13, 4;
    %load/vec4 v0x556bd8f00830_0;
    %parti/s 8, 56, 7;
    %assign/vec4 v0x556bd8f00350_0, 0;
    %load/vec4 v0x556bd8f00830_0;
    %parti/s 8, 56, 7;
    %cmpi/e 10, 0, 8;
    %flag_get/vec4 4;
    %jmp/0 T_10.16, 4;
    %load/vec4 v0x556bd8f00830_0;
    %parti/s 5, 51, 7;
    %pushi/vec4 0, 0, 5;
    %cmp/e;
    %flag_get/vec4 4;
    %and;
T_10.16;
    %flag_set/vec4 8;
    %flag_get/vec4 8;
    %jmp/0 T_10.15, 8;
    %load/vec4 v0x556bd8f00830_0;
    %parti/s 16, 32, 7;
    %pushi/vec4 0, 0, 16;
    %cmp/e;
    %flag_get/vec4 4;
    %and;
T_10.15;
    %assign/vec4 v0x556bd8f004f0_0, 0;
    %load/vec4 v0x556bd8f00830_0;
    %parti/s 1, 49, 7;
    %assign/vec4 v0x556bd8f005b0_0, 0;
    %load/vec4 v0x556bd8f00830_0;
    %parti/s 1, 48, 7;
    %assign/vec4 v0x556bd8f00430_0, 0;
    %load/vec4 v0x556bd8f00830_0;
    %parti/s 16, 16, 6;
    %assign/vec4 v0x556bd8f00670_0, 0;
    %load/vec4 v0x556bd8f00830_0;
    %parti/s 16, 0, 2;
    %assign/vec4 v0x556bd8f00750_0, 0;
    %jmp T_10.14;
T_10.13 ;
    %load/vec4 v0x556bd8efef90_0;
    %pad/u 32;
    %cmpi/u 32, 0, 32;
    %flag_or 5, 4;
    %jmp/0xz  T_10.17, 5;
    %load/vec4 v0x556bd8f00c70_0;
    %assign/vec4 v0x556bd8f00ab0_0, 0;
    %load/vec4 v0x556bd8f00e30_0;
    %assign/vec4 v0x556bd8f00d50_0, 0;
    %load/vec4 v0x556bd8f00ff0_0;
    %assign/vec4 v0x556bd8f00f10_0, 0;
    %load/vec4 v0x556bd8efef90_0;
    %subi 1, 0, 7;
    %assign/vec4 v0x556bd8f00b90_0, 0;
    %pushi/vec4 1, 0, 1;
    %assign/vec4 v0x556bd8f010d0_0, 0;
T_10.17 ;
T_10.14 ;
    %load/vec4 v0x556bd8efef90_0;
    %pad/u 32;
    %cmpi/u 33, 0, 32;
    %jmp/0xz  T_10.19, 5;
    %load/vec4 v0x556bd8efef90_0;
    %addi 1, 0, 7;
    %assign/vec4 v0x556bd8efef90_0, 0;
T_10.19 ;
T_10.11 ;
    %jmp T_10.8;
T_10.5 ;
    %load/vec4 v0x556bd8f01190_0;
    %pad/u 32;
    %cmpi/u 112, 0, 32;
    %flag_inv 5; GE is !LT
    %jmp/0xz  T_10.21, 5;
    %pushi/vec4 0, 0, 10;
    %assign/vec4 v0x556bd8f01190_0, 0;
    %load/vec4 v0x556bd8eff810_0;
    %inv;
    %assign/vec4 v0x556bd8eff810_0, 0;
    %jmp T_10.22;
T_10.21 ;
    %load/vec4 v0x556bd8f01190_0;
    %addi 1, 0, 10;
    %assign/vec4 v0x556bd8f01190_0, 0;
T_10.22 ;
    %jmp T_10.8;
T_10.6 ;
    %pushi/vec4 1, 0, 1;
    %assign/vec4 v0x556bd8f009f0_0, 0;
    %jmp T_10.8;
T_10.8 ;
    %pop/vec4 1;
T_10.1 ;
    %jmp T_10;
    .thread T_10;
    .scope S_0x556bd8efdbb0;
T_11 ;
    %wait E_0x556bd8e64110;
    %load/vec4 v0x556bd8f005b0_0;
    %nor/r;
    %flag_set/vec4 8;
    %jmp/0xz  T_11.0, 8;
    %load/vec4 v0x556bd8efe7d0_0;
    %load/vec4 v0x556bd8efec10_0;
    %concat/vec4; draw_concat_vec4
    %load/vec4 v0x556bd8efe8b0_0;
    %concat/vec4; draw_concat_vec4
    %load/vec4 v0x556bd8efecf0_0;
    %concat/vec4; draw_concat_vec4
    %load/vec4 v0x556bd8efe990_0;
    %concat/vec4; draw_concat_vec4
    %load/vec4 v0x556bd8efedd0_0;
    %concat/vec4; draw_concat_vec4
    %load/vec4 v0x556bd8efea70_0;
    %concat/vec4; draw_concat_vec4
    %load/vec4 v0x556bd8efeeb0_0;
    %concat/vec4; draw_concat_vec4
    %store/vec4 v0x556bd8f00c70_0, 0, 128;
    %load/vec4 v0x556bd8efef90_0;
    %pad/u 8;
    %subi 1, 0, 8;
    %ix/load 4, 3, 0;
    %flag_set/imm 4, 0;
    %shiftl 4;
    %store/vec4 v0x556bd8f00e30_0, 0, 8;
    %load/vec4 v0x556bd8efef90_0;
    %pad/u 8;
    %subi 1, 0, 8;
    %ix/load 4, 3, 0;
    %flag_set/imm 4, 0;
    %shiftl 4;
    %addi 7, 0, 8;
    %store/vec4 v0x556bd8f00ff0_0, 0, 8;
    %jmp T_11.1;
T_11.0 ;
    %load/vec4 v0x556bd8efe7d0_0;
    %load/vec4 v0x556bd8efec10_0;
    %concat/vec4; draw_concat_vec4
    %load/vec4 v0x556bd8efe8b0_0;
    %concat/vec4; draw_concat_vec4
    %load/vec4 v0x556bd8efecf0_0;
    %concat/vec4; draw_concat_vec4
    %load/vec4 v0x556bd8efe990_0;
    %concat/vec4; draw_concat_vec4
    %load/vec4 v0x556bd8efedd0_0;
    %concat/vec4; draw_concat_vec4
    %load/vec4 v0x556bd8efea70_0;
    %concat/vec4; draw_concat_vec4
    %load/vec4 v0x556bd8efeeb0_0;
    %concat/vec4; draw_concat_vec4
    %store/vec4 v0x556bd8f00c70_0, 0, 128;
    %load/vec4 v0x556bd8efef90_0;
    %pad/u 8;
    %subi 1, 0, 8;
    %ix/load 4, 3, 0;
    %flag_set/imm 4, 0;
    %shiftl 4;
    %addi 7, 0, 8;
    %store/vec4 v0x556bd8f00e30_0, 0, 8;
    %load/vec4 v0x556bd8efef90_0;
    %pad/u 8;
    %subi 1, 0, 8;
    %ix/load 4, 3, 0;
    %flag_set/imm 4, 0;
    %shiftl 4;
    %store/vec4 v0x556bd8f00ff0_0, 0, 8;
T_11.1 ;
    %jmp T_11;
    .thread T_11, $push;
    .scope S_0x556bd8efdbb0;
T_12 ;
    %wait E_0x556bd8e26cb0;
    %load/vec4 v0x556bd8f01330_0;
    %nor/r;
    %flag_set/vec4 8;
    %jmp/0xz  T_12.0, 8;
    %pushi/vec4 0, 0, 1;
    %assign/vec4 v0x556bd8eff690_0, 0;
    %pushi/vec4 0, 0, 1;
    %assign/vec4 v0x556bd8eff750_0, 0;
    %pushi/vec4 0, 0, 1;
    %assign/vec4 v0x556bd8eff2b0_0, 0;
    %pushi/vec4 0, 0, 7;
    %assign/vec4 v0x556bd8eff370_0, 0;
    %pushi/vec4 0, 0, 64;
    %assign/vec4 v0x556bd8f00830_0, 0;
    %pushi/vec4 0, 0, 64;
    %assign/vec4 v0x556bd8f00910_0, 0;
    %pushi/vec4 0, 0, 1;
    %assign/vec4 v0x556bd8eff450_0, 0;
    %jmp T_12.1;
T_12.0 ;
    %load/vec4 v0x556bd8eff810_0;
    %assign/vec4 v0x556bd8eff690_0, 0;
    %load/vec4 v0x556bd8eff690_0;
    %assign/vec4 v0x556bd8eff750_0, 0;
    %load/vec4 v0x556bd8eff690_0;
    %load/vec4 v0x556bd8eff750_0;
    %xor;
    %flag_set/vec4 9;
    %flag_get/vec4 9;
    %jmp/0 T_12.4, 9;
    %load/vec4 v0x556bd8eff2b0_0;
    %nor/r;
    %and;
T_12.4;
    %flag_set/vec4 8;
    %jmp/0xz  T_12.2, 8;
    %pushi/vec4 1, 0, 1;
    %assign/vec4 v0x556bd8eff2b0_0, 0;
    %pushi/vec4 0, 0, 7;
    %assign/vec4 v0x556bd8eff370_0, 0;
    %pushi/vec4 0, 0, 64;
    %assign/vec4 v0x556bd8f00830_0, 0;
    %pushi/vec4 0, 0, 64;
    %assign/vec4 v0x556bd8f00910_0, 0;
    %jmp T_12.3;
T_12.2 ;
    %load/vec4 v0x556bd8eff2b0_0;
    %flag_set/vec4 8;
    %jmp/0xz  T_12.5, 8;
    %load/vec4 v0x556bd8f00830_0;
    %parti/s 63, 0, 2;
    %load/vec4 v0x556bd8effed0_0;
    %concat/vec4; draw_concat_vec4
    %assign/vec4 v0x556bd8f00830_0, 0;
    %load/vec4 v0x556bd8f00910_0;
    %parti/s 63, 0, 2;
    %load/vec4 v0x556bd8efff90_0;
    %concat/vec4; draw_concat_vec4
    %assign/vec4 v0x556bd8f00910_0, 0;
    %load/vec4 v0x556bd8eff370_0;
    %pad/u 32;
    %cmpi/e 63, 0, 32;
    %jmp/0xz  T_12.7, 4;
    %pushi/vec4 0, 0, 1;
    %assign/vec4 v0x556bd8eff2b0_0, 0;
    %pushi/vec4 0, 0, 7;
    %assign/vec4 v0x556bd8eff370_0, 0;
    %load/vec4 v0x556bd8eff450_0;
    %inv;
    %assign/vec4 v0x556bd8eff450_0, 0;
    %jmp T_12.8;
T_12.7 ;
    %load/vec4 v0x556bd8eff370_0;
    %addi 1, 0, 7;
    %assign/vec4 v0x556bd8eff370_0, 0;
T_12.8 ;
T_12.5 ;
T_12.3 ;
T_12.1 ;
    %jmp T_12;
    .thread T_12;
    .scope S_0x556bd8ecce60;
T_13 ;
    %pushi/vec4 0, 0, 1;
    %store/vec4 v0x556bd8f02b10_0, 0, 1;
    %end;
    .thread T_13;
    .scope S_0x556bd8ecce60;
T_14 ;
    %delay 5000, 0;
    %load/vec4 v0x556bd8f02b10_0;
    %inv;
    %store/vec4 v0x556bd8f02b10_0, 0, 1;
    %jmp T_14;
    .thread T_14;
    .scope S_0x556bd8ecce60;
T_15 ;
    %wait E_0x556bd8e64cd0;
    %pushi/vec4 1, 0, 1;
    %store/vec4 v0x556bd8f03ac0_0, 0, 1;
    %vpi_call/w 3 78 "$display", "[%0t] merged_valid burst_index=%0d first_ch=%0d last_ch=%0d data=%h", $time, v0x556bd8f03850_0, v0x556bd8f03920_0, v0x556bd8f039f0_0, v0x556bd8f03780_0 {0 0 0};
    %jmp T_15;
    .thread T_15;
    .scope S_0x556bd8ecce60;
T_16 ;
    %wait E_0x556bd8e670a0;
    %pushi/vec4 1, 0, 1;
    %store/vec4 v0x556bd8f036e0_0, 0, 1;
    %vpi_call/w 3 83 "$display", "[%0t] line_done", $time {0 0 0};
    %jmp T_16;
    .thread T_16;
    .scope S_0x556bd8ecce60;
T_17 ;
    %vpi_call/w 3 252 "$dumpfile", "tb_ad71143_data_rx.vcd" {0 0 0};
    %vpi_call/w 3 253 "$dumpvars", 32'sb00000000000000000000000000000000, S_0x556bd8ecce60 {0 0 0};
    %pushi/vec4 0, 0, 1;
    %store/vec4 v0x556bd8f03d00_0, 0, 1;
    %pushi/vec4 1, 0, 1;
    %store/vec4 v0x556bd8f04040_0, 0, 1;
    %pushi/vec4 0, 0, 1;
    %store/vec4 v0x556bd8f02910_0, 0, 1;
    %pushi/vec4 0, 0, 1;
    %store/vec4 v0x556bd8f02de0_0, 0, 1;
    %pushi/vec4 1, 0, 1;
    %store/vec4 v0x556bd8f02d40_0, 0, 1;
    %pushi/vec4 0, 0, 1;
    %store/vec4 v0x556bd8f02fc0_0, 0, 1;
    %pushi/vec4 1, 0, 1;
    %store/vec4 v0x556bd8f02e80_0, 0, 1;
    %pushi/vec4 0, 0, 1;
    %store/vec4 v0x556bd8f03060_0, 0, 1;
    %pushi/vec4 1, 0, 1;
    %store/vec4 v0x556bd8f02f20_0, 0, 1;
    %pushi/vec4 5, 0, 32;
T_17.0 %dup/vec4;
    %cmpi/s 0, 0, 32;
    %jmp/1xz T_17.1, 5;
    %jmp/1 T_17.1, 4;
    %subi 1, 0, 32;
    %wait E_0x556bd8e626c0;
    %jmp T_17.0;
T_17.1 ;
    %pop/vec4 1;
    %pushi/vec4 1, 0, 1;
    %store/vec4 v0x556bd8f03d00_0, 0, 1;
    %pushi/vec4 5, 0, 32;
T_17.2 %dup/vec4;
    %cmpi/s 0, 0, 32;
    %jmp/1xz T_17.3, 5;
    %jmp/1 T_17.3, 4;
    %subi 1, 0, 32;
    %wait E_0x556bd8e626c0;
    %jmp T_17.2;
T_17.3 ;
    %pop/vec4 1;
    %alloc S_0x556bd8ecd220;
    %fork TD_tb_ad71143_data_rx.check_readdown0, S_0x556bd8ecd220;
    %join;
    %free S_0x556bd8ecd220;
    %vpi_call/w 3 270 "$display", "[%0t] check_readdown0 done", $time {0 0 0};
    %pushi/vec4 0, 0, 1;
    %store/vec4 v0x556bd8f03d00_0, 0, 1;
    %pushi/vec4 5, 0, 32;
T_17.4 %dup/vec4;
    %cmpi/s 0, 0, 32;
    %jmp/1xz T_17.5, 5;
    %jmp/1 T_17.5, 4;
    %subi 1, 0, 32;
    %wait E_0x556bd8e626c0;
    %jmp T_17.4;
T_17.5 ;
    %pop/vec4 1;
    %pushi/vec4 1, 0, 1;
    %store/vec4 v0x556bd8f03d00_0, 0, 1;
    %pushi/vec4 1, 0, 1;
    %store/vec4 v0x556bd8f04040_0, 0, 1;
    %pushi/vec4 0, 0, 1;
    %store/vec4 v0x556bd8f02910_0, 0, 1;
    %pushi/vec4 0, 0, 1;
    %store/vec4 v0x556bd8f02de0_0, 0, 1;
    %pushi/vec4 1, 0, 1;
    %store/vec4 v0x556bd8f02d40_0, 0, 1;
    %pushi/vec4 0, 0, 1;
    %store/vec4 v0x556bd8f02fc0_0, 0, 1;
    %pushi/vec4 1, 0, 1;
    %store/vec4 v0x556bd8f02e80_0, 0, 1;
    %pushi/vec4 0, 0, 1;
    %store/vec4 v0x556bd8f03060_0, 0, 1;
    %pushi/vec4 1, 0, 1;
    %store/vec4 v0x556bd8f02f20_0, 0, 1;
    %pushi/vec4 5, 0, 32;
T_17.6 %dup/vec4;
    %cmpi/s 0, 0, 32;
    %jmp/1xz T_17.7, 5;
    %jmp/1 T_17.7, 4;
    %subi 1, 0, 32;
    %wait E_0x556bd8e626c0;
    %jmp T_17.6;
T_17.7 ;
    %pop/vec4 1;
    %alloc S_0x556bd8efd660;
    %fork TD_tb_ad71143_data_rx.check_readdown1, S_0x556bd8efd660;
    %join;
    %free S_0x556bd8efd660;
    %vpi_call/w 3 286 "$display", "[%0t] check_readdown1 done", $time {0 0 0};
    %vpi_call/w 3 288 "$display", "tb_ad71143_data_rx PASS" {0 0 0};
    %vpi_call/w 3 289 "$finish" {0 0 0};
    %end;
    .thread T_17;
    .scope S_0x556bd8ecce60;
T_18 ;
    %delay 400000000, 0;
    %vpi_call/w 3 294 "$display", "TIMEOUT dbg: state=%0d merged_seen=%0b line_done_seen=%0b merged_valid=%0b line_done=%0b burst_en=%0b header_ok=%0b header_byte=%h readdown=%0b burst_idx=%0d first_ch=%0d last_ch=%0d", v0x556bd8f03f70_0, v0x556bd8f03ac0_0, v0x556bd8f036e0_0, v0x556bd8f03b60_0, v0x556bd8f03610_0, v0x556bd8f02a70_0, v0x556bd8f032d0_0, v0x556bd8f03130_0, v0x556bd8f033a0_0, v0x556bd8f03850_0, v0x556bd8f03920_0, v0x556bd8f039f0_0 {0 0 0};
    %vpi_call/w 3 295 "$fatal", 32'sb00000000000000000000000000000001, "Timeout: tb_ad71143_data_rx did not finish" {0 0 0};
    %end;
    .thread T_18;
# The file index is used to find the file name in the following table.
:file_names 5;
    "N/A";
    "<interactive>";
    "-";
    "tb/tb_ad71143_data_rx.v";
    "src/ad71143_data_rx.v";
